<?xml version="1.0" encoding="utf-8"?><testsuites name="pytest tests"><testsuite name="pytest" errors="0" failures="0" skipped="0" tests="13" time="5.396" timestamp="2026-04-27T08:07:54.435180+00:00" hostname="agent-env-8da3bff0-985c-45f5-abfd-585fe0b36c02"><testcase classname="backend.tests.test_neural_axis.TestAuth" name="test_login_success" time="0.394" /><testcase classname="backend.tests.test_neural_axis.TestAuth" name="test_login_sets_cookies" time="0.360" /><testcase classname="backend.tests.test_neural_axis.TestAuth" name="test_login_invalid_credentials" time="0.364" /><testcase classname="backend.tests.test_neural_axis.TestAuth" name="test_get_me_authenticated" time="0.371" /><testcase classname="backend.tests.test_neural_axis.TestAuth" name="test_get_me_unauthenticated" time="0.102" /><testcase classname="backend.tests.test_neural_axis.TestAuth" name="test_logout" time="0.400" /><testcase classname="backend.tests.test_neural_axis.TestLeads" name="test_create_lead_public" time="0.517" /><testcase classname="backend.tests.test_neural_axis.TestLeads" name="test_list_leads_authenticated" time="0.394" /><testcase classname="backend.tests.test_neural_axis.TestLeads" name="test_list_leads_unauthenticated" time="0.478" /><testcase classname="backend.tests.test_neural_axis.TestLeads" name="test_get_lead_stats" time="0.371" /><testcase classname="backend.tests.test_neural_axis.TestLeads" name="test_update_lead_status" time="0.554" /><testcase classname="backend.tests.test_neural_axis.TestLeads" name="test_delete_lead" time="0.522" /><testcase classname="backend.tests.test_neural_axis.TestLeads" name="test_list_leads_filter_by_status" time="0.379" /></testsuite></testsuites>