<?xml version="1.0" encoding="utf-8"?><testsuites name="pytest tests"><testsuite name="pytest" errors="0" failures="0" skipped="0" tests="16" time="6.012" timestamp="2026-05-06T10:22:48.751561+00:00" hostname="agent-env-b20b0b97-5f24-4292-bf5e-fa5f37a8b295"><testcase classname="backend.tests.test_neural_axis.TestAuth" name="test_login_success" time="0.345" /><testcase classname="backend.tests.test_neural_axis.TestAuth" name="test_login_sets_cookies" time="0.334" /><testcase classname="backend.tests.test_neural_axis.TestAuth" name="test_login_invalid_credentials" time="0.318" /><testcase classname="backend.tests.test_neural_axis.TestAuth" name="test_get_me_authenticated" time="0.404" /><testcase classname="backend.tests.test_neural_axis.TestAuth" name="test_get_me_unauthenticated" time="0.133" /><testcase classname="backend.tests.test_neural_axis.TestAuth" name="test_logout" time="0.368" /><testcase classname="backend.tests.test_neural_axis.TestAuth" name="test_refresh_token" time="0.438" /><testcase classname="backend.tests.test_neural_axis.TestAuth" name="test_refresh_no_cookie" time="0.095" /><testcase classname="backend.tests.test_neural_axis.TestLeads" name="test_create_lead_public" time="0.435" /><testcase classname="backend.tests.test_neural_axis.TestLeads" name="test_list_leads_authenticated" time="0.410" /><testcase classname="backend.tests.test_neural_axis.TestLeads" name="test_list_leads_unauthenticated" time="0.440" /><testcase classname="backend.tests.test_neural_axis.TestLeads" name="test_get_lead_stats" time="0.372" /><testcase classname="backend.tests.test_neural_axis.TestLeads" name="test_update_lead_status" time="0.518" /><testcase classname="backend.tests.test_neural_axis.TestLeads" name="test_delete_lead" time="0.521" /><testcase classname="backend.tests.test_neural_axis.TestLeads" name="test_list_leads_filter_by_status" time="0.380" /><testcase classname="backend.tests.test_neural_axis.TestLeads" name="test_get_lead_not_found" time="0.416" /></testsuite></testsuites>
